<?xml version="1.0" encoding="UTF-8"?>
<!-- Generated by org.testng.reporters.JUnitXMLReporter -->
<testsuite ignored="0" hostname="VENKY1504" failures="0" tests="4" name="Default test" time="10.562" errors="0" timestamp="2023-10-31T15:49:15 IST">
  <testcase classname="api.test.UserTest2" name="testPostUser" time="3.918"/>
  <testcase classname="api.test.UserTest2" name="testGetUserByName" time="1.548"/>
  <testcase classname="api.test.UserTest2" name="testUpdateUserByName" time="2.88"/>
  <testcase classname="api.test.UserTest2" name="testDeleteUserByName" time="1.152"/>
</testsuite> <!-- Default test -->
