<?xml version="1.0" encoding="UTF-8"?>
<testng-results ignored="0" total="4" passed="4" failed="0" skipped="0">
  <reporter-output>
  </reporter-output>
  <suite started-at="2023-10-31T15:49:05 IST" name="Default suite" finished-at="2023-10-31T15:49:15 IST" duration-ms="10562">
    <groups>
    </groups>
    <test started-at="2023-10-31T15:49:05 IST" name="Default test" finished-at="2023-10-31T15:49:15 IST" duration-ms="10562">
      <class name="api.test.UserTest2">
        <test-method is-config="true" signature="setup()[pri:0, instance:api.test.UserTest2@6aeb35e6]" started-at="2023-10-31T15:49:05 IST" name="setup" finished-at="2023-10-31T15:49:06 IST" duration-ms="1009" status="PASS">
          <reporter-output>
          </reporter-output>
        </test-method> <!-- setup -->
        <test-method signature="testPostUser()[pri:1, instance:api.test.UserTest2@6aeb35e6]" started-at="2023-10-31T15:49:06 IST" name="testPostUser" finished-at="2023-10-31T15:49:10 IST" duration-ms="3918" status="PASS">
          <reporter-output>
          </reporter-output>
        </test-method> <!-- testPostUser -->
        <test-method signature="testGetUserByName()[pri:2, instance:api.test.UserTest2@6aeb35e6]" started-at="2023-10-31T15:49:10 IST" name="testGetUserByName" finished-at="2023-10-31T15:49:11 IST" duration-ms="1548" status="PASS">
          <reporter-output>
          </reporter-output>
        </test-method> <!-- testGetUserByName -->
        <test-method signature="testUpdateUserByName()[pri:3, instance:api.test.UserTest2@6aeb35e6]" started-at="2023-10-31T15:49:11 IST" name="testUpdateUserByName" finished-at="2023-10-31T15:49:14 IST" duration-ms="2880" status="PASS">
          <reporter-output>
          </reporter-output>
        </test-method> <!-- testUpdateUserByName -->
        <test-method signature="testDeleteUserByName()[pri:4, instance:api.test.UserTest2@6aeb35e6]" started-at="2023-10-31T15:49:14 IST" name="testDeleteUserByName" finished-at="2023-10-31T15:49:15 IST" duration-ms="1152" status="PASS">
          <reporter-output>
          </reporter-output>
        </test-method> <!-- testDeleteUserByName -->
      </class> <!-- api.test.UserTest2 -->
    </test> <!-- Default test -->
  </suite> <!-- Default suite -->
</testng-results>
