<?xml version="1.0" encoding="UTF-8"?>
<!-- Generated by org.testng.reporters.JUnitXMLReporter -->
<testsuite ignored="0" hostname="VENKY1504" failures="0" tests="4" name="PetTest" time="8.126" errors="0" timestamp="2023-10-13T12:04:16 IST">
  <testcase classname="api.test.UserTest2" name="testPostUser" time="2.596"/>
  <testcase classname="api.test.UserTest2" name="testGetUserByName" time="1.164"/>
  <testcase classname="api.test.UserTest2" name="testUpdateUserByName" time="2.262"/>
  <testcase classname="api.test.UserTest2" name="testDeleteUserByName" time="1.164"/>
</testsuite> <!-- PetTest -->
